QuestaSim-64 qrun 2024.3_1 Utility 2024.10 Oct 17 2024
Start time: 09:43:33 on Mar 19,2025
qrun -batch -access=rw+/. -uvmhome uvm-1.2 -timescale 1ns/1ns -mfcu design.sv testbench.sv -voptargs="+acc=npr" -do " run -all; exit" 
Creating library 'qrun.out/work'.
Mapping library 'mtiUvm' to 'qrun.out/work'.
QuestaSim-64 vlog 2024.3_1 Compiler 2024.10 Oct 17 2024
Start time: 09:43:33 on Mar 19,2025
vlog -timescale 1ns/1ns -mfcu -ccflags "-Wno-missing-declarations" -ccflags "-Wno-maybe-uninitialized" -ccflags "-Wno-return-type" -ccflags "-DQUESTA" /usr/share/questa/questasim/verilog_src/uvm-1.2/src/dpi/uvm_dpi.cc /usr/share/questa/questasim/verilog_src/uvm-1.2/src/uvm_pkg.sv /usr/share/questa/questasim/verilog_src/questa_uvm_pkg-1.2/src/questa_uvm_pkg.sv design.sv testbench.sv -work qrun.out/work "+incdir+/usr/share/questa/questasim/verilog_src/uvm-1.2/src" -statslog qrun.out/stats_log -writesessionid "+qrun.out/top_dus" -csession=incr 
-- Compiling package uvm_pkg (uvm-1.2 Built-in)
-- Compiling package questa_uvm_pkg
-- Importing package uvm_pkg (uvm-1.2 Built-in)
-- Compiling module dual_ram_async
-- Compiling package uvm_pkg_sv_unit
-- Importing package uvm_pkg (uvm-1.2 Built-in)
-- Compiling interface dual_if
-- Compiling module top_tb

Top level modules:
	top_tb
-- Compiling DPI/PLI C++ file /usr/share/questa/questasim/verilog_src/uvm-1.2/src/dpi/uvm_dpi.cc

In file included from /usr/share/questa/questasim/verilog_src/uvm-1.2/src/dpi/uvm_hdl.c:27,
                 from /usr/share/questa/questasim/verilog_src/uvm-1.2/src/dpi/uvm_dpi.cc:37:
/usr/share/questa/questasim/verilog_src/uvm-1.2/src/dpi/uvm_hdl_questa.c: In function 'int uvm_is_vhdl_path(char*)':
/usr/share/questa/questasim/verilog_src/uvm-1.2/src/dpi/uvm_hdl_questa.c:90:12: warning: 'char* strncpy(char*, const char*, size_t)' specified bound depends on the length of the source argument [-Wstringop-overflow=]
   90 |     strncpy(path_copy, path, path_len);
      |     ~~~~~~~^~~~~~~~~~~~~~~~~~~~~~~~~~~
/usr/share/questa/questasim/verilog_src/uvm-1.2/src/dpi/uvm_hdl_questa.c:72:20: note: length computed here
   72 |   path_len = strlen(path);
      |              ~~~~~~^~~~~~

End time: 09:43:35 on Mar 19,2025, Elapsed time: 0:00:02
Errors: 0, Warnings: 0
QuestaSim-64 vopt 2024.3_1 Compiler 2024.10 Oct 17 2024
** Warning: (vopt-10587) Some optimizations are turned off because the +acc switch is in effect. This will cause your simulation to run slowly. Please use -access/-debug to maintain needed visibility. The +acc switch would be deprecated in a future release.
Start time: 09:43:35 on Mar 19,2025
vopt -access=rw+/. -timescale 1ns/1ns -mfcu "+acc=npr" -findtoplevels qrun.out/work+1+ -work qrun.out/work -statslog qrun.out/stats_log -csession=incr -o qrun_opt -csessionid=2 

Top level modules:
	top_tb

Analyzing design...
-- Loading module top_tb
-- Loading package questa_uvm_pkg
-- Loading interface dual_if
-- Loading module dual_ram_async
Optimizing 7 design-units (inlining 0/3 module instances):
-- Optimizing package uvm_pkg (uvm-1.2 Built-in)(fast)
-- Optimizing package questa_uvm_pkg(fast)
-- Optimizing package uvm_pkg_sv_unit(fast)
-- Optimizing interface dual_if(fast__2)
-- Optimizing module dual_ram_async(fast)
-- Optimizing module top_tb(fast)
-- Optimizing interface dual_if(fast)
Optimized design name is qrun_opt
End time: 09:43:39 on Mar 19,2025, Elapsed time: 0:00:04
Errors: 0, Warnings: 1
# vsim -batch -lib qrun.out/work -do " run -all; exit" -statslog qrun.out/stats_log qrun_opt -appendlog -l qrun.log 
# Start time: 09:43:40 on Mar 19,2025
# Loading /tmp/unknown@e7b0cf2c547e_dpi_52/linux_x86_64_gcc-10.3.0/export_tramp.so
# //  Questa Sim-64
# //  Version 2024.3_1 linux_x86_64 Oct 17 2024
# //
# // Unpublished work. Copyright 2024 Siemens
# //
# // This material contains trade secrets or otherwise confidential information
# // owned by Siemens Industry Software Inc. or its affiliates (collectively,
# // "SISW"), or its licensors. Access to and use of this information is strictly
# // limited as set forth in the Customer's applicable agreements with SISW.
# //
# // This material may not be copied, distributed, or otherwise disclosed outside
# // of the Customer's facilities without the express written permission of SISW,
# // and may not be used in any way not expressly authorized by SISW.
# //
# Loading sv_std.std
# Loading work.dual_if(fast)
# Loading work.uvm_pkg(fast)
# Loading work.uvm_pkg_sv_unit(fast)
# Loading work.questa_uvm_pkg(fast)
# Loading work.top_tb(fast)
# Loading work.dual_if(fast__2)
# Loading work.dual_ram_async(fast)
# Compiling /tmp/unknown@e7b0cf2c547e_dpi_52/linux_x86_64_gcc-10.3.0/exportwrapper.c
# Loading /tmp/unknown@e7b0cf2c547e_dpi_52/linux_x86_64_gcc-10.3.0/vsim_auto_compile.so
# 
# run -all
# UVM_INFO /usr/share/questa/questasim/verilog_src/uvm-1.2/src/base/uvm_root.svh(392) @ 0: reporter [UVM/RELNOTES] 
# ----------------------------------------------------------------
# UVM-1.2
# (C) 2007-2014 Mentor Graphics Corporation
# (C) 2007-2014 Cadence Design Systems, Inc.
# (C) 2006-2014 Synopsys, Inc.
# (C) 2011-2013 Cypress Semiconductor Corp.
# (C) 2013-2014 NVIDIA Corporation
# ----------------------------------------------------------------
# 
#   ***********       IMPORTANT RELEASE NOTES         ************
# 
#   You are using a version of the UVM library that has been compiled
#   with `UVM_NO_DEPRECATED undefined.
#   See http://www.eda.org/svdb/view.php?id=3313 for more details.
# 
#   You are using a version of the UVM library that has been compiled
#   with `UVM_OBJECT_DO_NOT_NEED_CONSTRUCTOR undefined.
#   See http://www.eda.org/svdb/view.php?id=3770 for more details.
# 
#       (Specify +UVM_NO_RELNOTES to turn off this notice)
# 
# UVM_INFO /usr/share/questa/questasim/verilog_src/questa_uvm_pkg-1.2/src/questa_uvm_pkg.sv(277) @ 0: reporter [Questa UVM] QUESTA_UVM-1.2.3
# UVM_INFO /usr/share/questa/questasim/verilog_src/questa_uvm_pkg-1.2/src/questa_uvm_pkg.sv(278) @ 0: reporter [Questa UVM]  questa_uvm::init(+struct)
# UVM_INFO @ 0: reporter [RNTST] Running test dual_test...
# UVM_INFO /usr/share/questa/questasim/verilog_src/questa_uvm_pkg-1.2/src/questa_uvm_pkg.sv(339) @ 0: reporter [Questa UVM] End Of Elaboration
# UVM_INFO dual_test.sv(28) @ 0: uvm_test_top [dual_test] Waiting for Reset to Deassert...
# UVM_INFO dual_monitor.sv(26) @ 5: uvm_test_top.env.agent.mon [MONITOR] Reset Detected. Flushing Monitor...
# RESET ASSERTED AT TIME 10
# UVM_INFO dual_monitor.sv(26) @ 15: uvm_test_top.env.agent.mon [MONITOR] Reset Detected. Flushing Monitor...
# UVM_INFO dual_monitor.sv(26) @ 25: uvm_test_top.env.agent.mon [MONITOR] Reset Detected. Flushing Monitor...
# UVM_INFO dual_monitor.sv(26) @ 35: uvm_test_top.env.agent.mon [MONITOR] Reset Detected. Flushing Monitor...
# UVM_INFO dual_monitor.sv(26) @ 45: uvm_test_top.env.agent.mon [MONITOR] Reset Detected. Flushing Monitor...
# UVM_INFO dual_monitor.sv(26) @ 55: uvm_test_top.env.agent.mon [MONITOR] Reset Detected. Flushing Monitor...
# UVM_INFO dual_monitor.sv(26) @ 65: uvm_test_top.env.agent.mon [MONITOR] Reset Detected. Flushing Monitor...
# UVM_INFO dual_monitor.sv(26) @ 75: uvm_test_top.env.agent.mon [MONITOR] Reset Detected. Flushing Monitor...
# UVM_INFO dual_monitor.sv(26) @ 85: uvm_test_top.env.agent.mon [MONITOR] Reset Detected. Flushing Monitor...
# UVM_INFO dual_monitor.sv(26) @ 95: uvm_test_top.env.agent.mon [MONITOR] Reset Detected. Flushing Monitor...
# UVM_INFO dual_monitor.sv(26) @ 105: uvm_test_top.env.agent.mon [MONITOR] Reset Detected. Flushing Monitor...
# RESET DEASSERTED AT TIME 110
# UVM_INFO dual_test.sv(30) @ 110: uvm_test_top [dual_test] Reset Deasserted. Waiting for Stable Signals...
# UVM_INFO dual_driver.sv(62) @ 115: uvm_test_top.env.agent.drv [dual_driver] Driving Write: wr_addr=0x10, data_in=0xaa
# UVM_INFO dual_monitor.sv(56) @ 125: uvm_test_top.env.agent.mon [MONITOR] Captured Write Transaction: rd_addr=0x0 wr_addr=0x10 data_in=0xaa data_out=0x0 wr_en=1 rd_en=0 rst=0
# UVM_INFO dual_scoreboard.sv(67) @ 125: uvm_test_top.env.scb [dual_scoreboard] 
# WRITE: Addr=10 Data=aa
# UVM_INFO dual_scoreboard.sv(92) @ 125: uvm_test_top.env.scb [dual_scoreboard] ALL TRANSACTIONS PROCESSED. STOPPING SIMULATION.
# UVM_INFO dual_driver.sv(71) @ 135: uvm_test_top.env.agent.drv [dual_driver] Driving Read: rd_addr=0x10
# UVM_INFO dual_monitor.sv(66) @ 145: uvm_test_top.env.agent.mon [MONITOR] Captured Read Transaction: rd_addr=0x10 wr_addr=0x0 data_in=0x0 data_out=0xaa wr_en=0 rd_en=1 rst=0
# UVM_INFO dual_scoreboard.sv(79) @ 145: uvm_test_top.env.scb [dual_scoreboard] READ MATCH: Addr=10 Expected=aa Actual=aa
# UVM_INFO dual_scoreboard.sv(92) @ 145: uvm_test_top.env.scb [dual_scoreboard] ALL TRANSACTIONS PROCESSED. STOPPING SIMULATION.
# UVM_INFO dual_driver.sv(45) @ 155: uvm_test_top.env.agent.drv [dual_driver] Driving Simultaneous Read & Write: rd_addr=0x10, wr_addr=0x20, data_in=0x55
# UVM_INFO dual_monitor.sv(66) @ 165: uvm_test_top.env.agent.mon [MONITOR] Captured Read Transaction: rd_addr=0x10 wr_addr=0x0 data_in=0x0 data_out=0xaa wr_en=0 rd_en=1 rst=0
# UVM_INFO dual_scoreboard.sv(79) @ 165: uvm_test_top.env.scb [dual_scoreboard] READ MATCH: Addr=10 Expected=aa Actual=aa
# UVM_INFO dual_scoreboard.sv(92) @ 165: uvm_test_top.env.scb [dual_scoreboard] ALL TRANSACTIONS PROCESSED. STOPPING SIMULATION.
# UVM_INFO dual_monitor.sv(56) @ 175: uvm_test_top.env.agent.mon [MONITOR] Captured Write Transaction: rd_addr=0x0 wr_addr=0x20 data_in=0x55 data_out=0x0 wr_en=1 rd_en=0 rst=0
# UVM_INFO dual_scoreboard.sv(67) @ 175: uvm_test_top.env.scb [dual_scoreboard] 
# WRITE: Addr=20 Data=55
# UVM_INFO dual_scoreboard.sv(92) @ 175: uvm_test_top.env.scb [dual_scoreboard] ALL TRANSACTIONS PROCESSED. STOPPING SIMULATION.
# UVM_INFO /usr/share/questa/questasim/verilog_src/uvm-1.2/src/base/uvm_objection.svh(1270) @ 185: reporter [TEST_DONE] 'run' phase is ready to proceed to the 'extract' phase
# UVM_INFO /usr/share/questa/questasim/verilog_src/uvm-1.2/src/base/uvm_report_server.svh(847) @ 185: reporter [UVM/REPORT/SERVER] 
# --- UVM Report Summary ---
# 
# ** Report counts by severity
# UVM_INFO :   34
# UVM_WARNING :    0
# UVM_ERROR :    0
# UVM_FATAL :    0
# ** Report counts by id
# [MONITOR]    15
# [Questa UVM]     3
# [RNTST]     1
# [TEST_DONE]     1
# [UVM/RELNOTES]     1
# [dual_driver]     3
# [dual_scoreboard]     8
# [dual_test]     2
# 
# ** Note: $finish    : /usr/share/questa/questasim/verilog_src/uvm-1.2/src/base/uvm_root.svh(517)
#    Time: 185 ns  Iteration: 73  Instance: /top_tb
# End time: 09:43:41 on Mar 19,2025, Elapsed time: 0:00:01
# Errors: 0, Warnings: 0
End time: 09:43:41 on Mar 19,2025, Elapsed time: 0:00:08
*** Summary *********************************************
    qrun: Errors:   0, Warnings:   0
    vlog: Errors:   0, Warnings:   0
    vopt: Errors:   0, Warnings:   1
    vsim: Errors:   0, Warnings:   0
  Totals: Errors:   0, Warnings:   1
